<?xml version="1.0" encoding="UTF-8"?>
<!-- Generated by org.testng.reporters.JUnitReportReporter -->
<testsuite skipped="0" hostname="DESKTOP-85BPM4I" name="process.DatabaseHandler" tests="2" failures="0" timestamp="23 Mar 2018 16:31:50 GMT" time="0.524" errors="0">
  <testcase name="LoadData" time="0.493" classname="process.DatabaseHandler"/>
  <testcase name="PushData" time="0.031" classname="process.DatabaseHandler"/>
</testsuite> <!-- process.DatabaseHandler -->
